<?xml version="1.0" encoding="UTF-8"?>
<coverage generated="1625443452275" clover="3.2.0">
  <project timestamp="1625443452275" name="All files">
    <metrics statements="38" coveredstatements="24" conditionals="13" coveredconditionals="4" methods="18" coveredmethods="5" elements="69" coveredelements="33" complexity="0" loc="38" ncloc="38" packages="4" files="9" classes="9"/>
    <package name="component.Bar">
      <metrics statements="17" coveredstatements="11" conditionals="4" coveredconditionals="1" methods="8" coveredmethods="1"/>
      <file name="index.js" path="/Users/macbook/Documents/Datadog/infodog/app/component/Bar/index.js">
        <metrics statements="15" coveredstatements="9" conditionals="4" coveredconditionals="1" methods="8" coveredmethods="1"/>
        <line num="11" count="1" type="cond" truecount="1" falsecount="1"/>
        <line num="12" count="1" type="stmt"/>
        <line num="13" count="1" type="stmt"/>
        <line num="15" count="1" type="stmt"/>
        <line num="21" count="1" type="stmt"/>
        <line num="23" count="0" type="cond" truecount="0" falsecount="2"/>
        <line num="24" count="0" type="stmt"/>
        <line num="32" count="1" type="stmt"/>
        <line num="33" count="0" type="stmt"/>
        <line num="40" count="1" type="stmt"/>
        <line num="41" count="0" type="stmt"/>
        <line num="42" count="0" type="stmt"/>
        <line num="46" count="1" type="stmt"/>
        <line num="47" count="0" type="stmt"/>
        <line num="50" count="1" type="stmt"/>
      </file>
      <file name="styles.js" path="/Users/macbook/Documents/Datadog/infodog/app/component/Bar/styles.js">
        <metrics statements="2" coveredstatements="2" conditionals="0" coveredconditionals="0" methods="0" coveredmethods="0"/>
        <line num="3" count="1" type="stmt"/>
        <line num="4" count="1" type="stmt"/>
      </file>
    </package>
    <package name="component.ChartHelper">
      <metrics statements="14" coveredstatements="6" conditionals="6" coveredconditionals="1" methods="7" coveredmethods="1"/>
      <file name="index.js" path="/Users/macbook/Documents/Datadog/infodog/app/component/ChartHelper/index.js">
        <metrics statements="13" coveredstatements="5" conditionals="6" coveredconditionals="1" methods="7" coveredmethods="1"/>
        <line num="15" count="1" type="cond" truecount="1" falsecount="1"/>
        <line num="16" count="1" type="stmt"/>
        <line num="17" count="1" type="stmt"/>
        <line num="18" count="1" type="stmt"/>
        <line num="19" count="0" type="stmt"/>
        <line num="20" count="0" type="cond" truecount="0" falsecount="4"/>
        <line num="21" count="0" type="stmt"/>
        <line num="23" count="0" type="stmt"/>
        <line num="25" count="1" type="stmt"/>
        <line num="31" count="0" type="stmt"/>
        <line num="48" count="0" type="stmt"/>
        <line num="52" count="0" type="stmt"/>
        <line num="56" count="0" type="stmt"/>
      </file>
      <file name="styles.js" path="/Users/macbook/Documents/Datadog/infodog/app/component/ChartHelper/styles.js">
        <metrics statements="1" coveredstatements="1" conditionals="0" coveredconditionals="0" methods="0" coveredmethods="0"/>
        <line num="4" count="1" type="stmt"/>
      </file>
    </package>
    <package name="component.Pie">
      <metrics statements="5" coveredstatements="5" conditionals="3" coveredconditionals="2" methods="3" coveredmethods="3"/>
      <file name="ExtraInfo.js" path="/Users/macbook/Documents/Datadog/infodog/app/component/Pie/ExtraInfo.js">
        <metrics statements="1" coveredstatements="1" conditionals="2" coveredconditionals="2" methods="1" coveredmethods="1"/>
        <line num="11" count="1" type="stmt"/>
      </file>
      <file name="index.js" path="/Users/macbook/Documents/Datadog/infodog/app/component/Pie/index.js">
        <metrics statements="3" coveredstatements="3" conditionals="1" coveredconditionals="0" methods="2" coveredmethods="2"/>
        <line num="10" count="1" type="cond" truecount="0" falsecount="1"/>
        <line num="11" count="1" type="stmt"/>
        <line num="20" count="1" type="stmt"/>
      </file>
      <file name="styles.js" path="/Users/macbook/Documents/Datadog/infodog/app/component/Pie/styles.js">
        <metrics statements="1" coveredstatements="1" conditionals="0" coveredconditionals="0" methods="0" coveredmethods="0"/>
        <line num="3" count="1" type="stmt"/>
      </file>
    </package>
    <package name="constants">
      <metrics statements="2" coveredstatements="2" conditionals="0" coveredconditionals="0" methods="0" coveredmethods="0"/>
      <file name="Strings.js" path="/Users/macbook/Documents/Datadog/infodog/app/constants/Strings.js">
        <metrics statements="1" coveredstatements="1" conditionals="0" coveredconditionals="0" methods="0" coveredmethods="0"/>
        <line num="2" count="1" type="stmt"/>
      </file>
      <file name="colors.js" path="/Users/macbook/Documents/Datadog/infodog/app/constants/colors.js">
        <metrics statements="1" coveredstatements="1" conditionals="0" coveredconditionals="0" methods="0" coveredmethods="0"/>
        <line num="2" count="3" type="stmt"/>
      </file>
    </package>
  </project>
</coverage>
