{"/Users/macbook/Documents/Datadog/infodog/app/component/Bar/index.js": {"path":"/Users/macbook/Documents/Datadog/infodog/app/component/Bar/index.js","statementMap":{"0":{"start":{"line":11,"column":12},"end":{"line":84,"column":1}},"1":{"start":{"line":11,"column":51},"end":{"line":11,"column":56}},"2":{"start":{"line":12,"column":21},"end":{"line":12,"column":29}},"3":{"start":{"line":13,"column":22},"end":{"line":13,"column":35}},"4":{"start":{"line":15,"column":16},"end":{"line":15,"column":46}},"5":{"start":{"line":15,"column":32},"end":{"line":15,"column":45}},"6":{"start":{"line":21,"column":19},"end":{"line":26,"column":3}},"7":{"start":{"line":23,"column":4},"end":{"line":25,"column":5}},"8":{"start":{"line":24,"column":6},"end":{"line":24,"column":57}},"9":{"start":{"line":32,"column":24},"end":{"line":34,"column":3}},"10":{"start":{"line":33,"column":4},"end":{"line":33,"column":31}},"11":{"start":{"line":40,"column":22},"end":{"line":44,"column":3}},"12":{"start":{"line":41,"column":4},"end":{"line":43,"column":13}},"13":{"start":{"line":42,"column":6},"end":{"line":42,"column":34}},"14":{"start":{"line":46,"column":2},"end":{"line":48,"column":13}},"15":{"start":{"line":47,"column":4},"end":{"line":47,"column":15}},"16":{"start":{"line":50,"column":2},"end":{"line":83,"column":4}}},"fnMap":{"0":{"name":"(anonymous_0)","decl":{"start":{"line":11,"column":12},"end":{"line":11,"column":13}},"loc":{"start":{"line":11,"column":63},"end":{"line":84,"column":1}},"line":11},"1":{"name":"(anonymous_1)","decl":{"start":{"line":11,"column":40},"end":{"line":11,"column":41}},"loc":{"start":{"line":11,"column":51},"end":{"line":11,"column":56}},"line":11},"2":{"name":"(anonymous_2)","decl":{"start":{"line":15,"column":25},"end":{"line":15,"column":26}},"loc":{"start":{"line":15,"column":32},"end":{"line":15,"column":45}},"line":15},"3":{"name":"(anonymous_3)","decl":{"start":{"line":21,"column":19},"end":{"line":21,"column":20}},"loc":{"start":{"line":21,"column":25},"end":{"line":26,"column":3}},"line":21},"4":{"name":"(anonymous_4)","decl":{"start":{"line":32,"column":24},"end":{"line":32,"column":25}},"loc":{"start":{"line":32,"column":30},"end":{"line":34,"column":3}},"line":32},"5":{"name":"(anonymous_5)","decl":{"start":{"line":40,"column":22},"end":{"line":40,"column":23}},"loc":{"start":{"line":40,"column":28},"end":{"line":44,"column":3}},"line":40},"6":{"name":"(anonymous_6)","decl":{"start":{"line":41,"column":15},"end":{"line":41,"column":16}},"loc":{"start":{"line":41,"column":21},"end":{"line":43,"column":5}},"line":41},"7":{"name":"(anonymous_7)","decl":{"start":{"line":46,"column":12},"end":{"line":46,"column":13}},"loc":{"start":{"line":46,"column":18},"end":{"line":48,"column":3}},"line":46}},"branchMap":{"0":{"loc":{"start":{"line":11,"column":15},"end":{"line":11,"column":24}},"type":"default-arg","locations":[{"start":{"line":11,"column":22},"end":{"line":11,"column":24}}],"line":11},"1":{"loc":{"start":{"line":11,"column":26},"end":{"line":11,"column":56}},"type":"default-arg","locations":[{"start":{"line":11,"column":40},"end":{"line":11,"column":56}}],"line":11},"2":{"loc":{"start":{"line":23,"column":4},"end":{"line":25,"column":5}},"type":"if","locations":[{"start":{"line":23,"column":4},"end":{"line":25,"column":5}},{"start":{"line":23,"column":4},"end":{"line":25,"column":5}}],"line":23}},"s":{"0":1,"1":0,"2":1,"3":1,"4":1,"5":0,"6":1,"7":0,"8":0,"9":1,"10":0,"11":1,"12":0,"13":0,"14":1,"15":0,"16":1},"f":{"0":1,"1":0,"2":0,"3":0,"4":0,"5":0,"6":0,"7":0},"b":{"0":[0],"1":[1],"2":[0,0]},"_coverageSchema":"1a1c01bbd47fc00a2c39e90264f33305004495a9","hash":"007b05efeee6ed56395bf7290e0f3024cc12d8f7"}
,"/Users/macbook/Documents/Datadog/infodog/app/component/Bar/styles.js": {"path":"/Users/macbook/Documents/Datadog/infodog/app/component/Bar/styles.js","statementMap":{"0":{"start":{"line":3,"column":14},"end":{"line":3,"column":44}},"1":{"start":{"line":4,"column":22},"end":{"line":19,"column":2}}},"fnMap":{},"branchMap":{},"s":{"0":1,"1":1},"f":{},"b":{},"_coverageSchema":"1a1c01bbd47fc00a2c39e90264f33305004495a9","hash":"b0e7d6e08bc852a31f858cf685345ae1e2cc6237"}
,"/Users/macbook/Documents/Datadog/infodog/app/component/ChartHelper/index.js": {"path":"/Users/macbook/Documents/Datadog/infodog/app/component/ChartHelper/index.js","statementMap":{"0":{"start":{"line":15,"column":20},"end":{"line":61,"column":1}},"1":{"start":{"line":16,"column":44},"end":{"line":16,"column":59}},"2":{"start":{"line":17,"column":28},"end":{"line":17,"column":47}},"3":{"start":{"line":18,"column":26},"end":{"line":24,"column":3}},"4":{"start":{"line":19,"column":4},"end":{"line":19,"column":28}},"5":{"start":{"line":20,"column":4},"end":{"line":22,"column":5}},"6":{"start":{"line":21,"column":6},"end":{"line":21,"column":13}},"7":{"start":{"line":23,"column":4},"end":{"line":23,"column":32}},"8":{"start":{"line":25,"column":2},"end":{"line":60,"column":4}},"9":{"start":{"line":31,"column":25},"end":{"line":31,"column":47}},"10":{"start":{"line":48,"column":34},"end":{"line":48,"column":48}},"11":{"start":{"line":52,"column":25},"end":{"line":52,"column":48}},"12":{"start":{"line":56,"column":25},"end":{"line":56,"column":47}}},"fnMap":{"0":{"name":"(anonymous_0)","decl":{"start":{"line":15,"column":20},"end":{"line":15,"column":21}},"loc":{"start":{"line":15,"column":62},"end":{"line":61,"column":1}},"line":15},"1":{"name":"(anonymous_1)","decl":{"start":{"line":15,"column":47},"end":{"line":15,"column":48}},"loc":{"start":{"line":15,"column":53},"end":{"line":15,"column":55}},"line":15},"2":{"name":"(anonymous_2)","decl":{"start":{"line":18,"column":26},"end":{"line":18,"column":27}},"loc":{"start":{"line":18,"column":44},"end":{"line":24,"column":3}},"line":18},"3":{"name":"(anonymous_3)","decl":{"start":{"line":31,"column":19},"end":{"line":31,"column":20}},"loc":{"start":{"line":31,"column":25},"end":{"line":31,"column":47}},"line":31},"4":{"name":"(anonymous_4)","decl":{"start":{"line":48,"column":24},"end":{"line":48,"column":25}},"loc":{"start":{"line":48,"column":34},"end":{"line":48,"column":48}},"line":48},"5":{"name":"(anonymous_5)","decl":{"start":{"line":52,"column":19},"end":{"line":52,"column":20}},"loc":{"start":{"line":52,"column":25},"end":{"line":52,"column":48}},"line":52},"6":{"name":"(anonymous_6)","decl":{"start":{"line":56,"column":19},"end":{"line":56,"column":20}},"loc":{"start":{"line":56,"column":25},"end":{"line":56,"column":47}},"line":56}},"branchMap":{"0":{"loc":{"start":{"line":15,"column":23},"end":{"line":15,"column":36}},"type":"default-arg","locations":[{"start":{"line":15,"column":35},"end":{"line":15,"column":36}}],"line":15},"1":{"loc":{"start":{"line":15,"column":38},"end":{"line":15,"column":55}},"type":"default-arg","locations":[{"start":{"line":15,"column":47},"end":{"line":15,"column":55}}],"line":15},"2":{"loc":{"start":{"line":20,"column":4},"end":{"line":22,"column":5}},"type":"if","locations":[{"start":{"line":20,"column":4},"end":{"line":22,"column":5}},{"start":{"line":20,"column":4},"end":{"line":22,"column":5}}],"line":20},"3":{"loc":{"start":{"line":20,"column":8},"end":{"line":20,"column":51}},"type":"binary-expr","locations":[{"start":{"line":20,"column":8},"end":{"line":20,"column":21}},{"start":{"line":20,"column":25},"end":{"line":20,"column":51}}],"line":20}},"s":{"0":1,"1":1,"2":1,"3":1,"4":0,"5":0,"6":0,"7":0,"8":1,"9":0,"10":0,"11":0,"12":0},"f":{"0":1,"1":0,"2":0,"3":0,"4":0,"5":0,"6":0},"b":{"0":[0],"1":[1],"2":[0,0],"3":[0,0]},"_coverageSchema":"1a1c01bbd47fc00a2c39e90264f33305004495a9","hash":"39b31c8b2ac337bfe9433b8c2bb7d373c48be29c"}
,"/Users/macbook/Documents/Datadog/infodog/app/component/ChartHelper/styles.js": {"path":"/Users/macbook/Documents/Datadog/infodog/app/component/ChartHelper/styles.js","statementMap":{"0":{"start":{"line":4,"column":22},"end":{"line":20,"column":2}}},"fnMap":{},"branchMap":{},"s":{"0":1},"f":{},"b":{},"_coverageSchema":"1a1c01bbd47fc00a2c39e90264f33305004495a9","hash":"d40f23810726b53932d4aafa6e19e1000c26ed17"}
,"/Users/macbook/Documents/Datadog/infodog/app/component/Pie/ExtraInfo.js": {"path":"/Users/macbook/Documents/Datadog/infodog/app/component/Pie/ExtraInfo.js","statementMap":{"0":{"start":{"line":11,"column":2},"end":{"line":19,"column":4}}},"fnMap":{"0":{"name":"ExtraInfo","decl":{"start":{"line":10,"column":24},"end":{"line":10,"column":33}},"loc":{"start":{"line":10,"column":57},"end":{"line":20,"column":1}},"line":10}},"branchMap":{"0":{"loc":{"start":{"line":13,"column":7},"end":{"line":13,"column":59}},"type":"binary-expr","locations":[{"start":{"line":13,"column":7},"end":{"line":13,"column":11}},{"start":{"line":13,"column":15},"end":{"line":13,"column":59}}],"line":13}},"s":{"0":1},"f":{"0":1},"b":{"0":[1,1]},"_coverageSchema":"1a1c01bbd47fc00a2c39e90264f33305004495a9","hash":"dc0807b23151c84fc93149df036072cc9a76fccb"}
,"/Users/macbook/Documents/Datadog/infodog/app/component/Pie/index.js": {"path":"/Users/macbook/Documents/Datadog/infodog/app/component/Pie/index.js","statementMap":{"0":{"start":{"line":10,"column":14},"end":{"line":22,"column":1}},"1":{"start":{"line":11,"column":2},"end":{"line":21,"column":29}},"2":{"start":{"line":20,"column":11},"end":{"line":20,"column":62}}},"fnMap":{"0":{"name":"(anonymous_0)","decl":{"start":{"line":10,"column":14},"end":{"line":10,"column":15}},"loc":{"start":{"line":11,"column":2},"end":{"line":21,"column":29}},"line":11},"1":{"name":"(anonymous_1)","decl":{"start":{"line":20,"column":5},"end":{"line":20,"column":6}},"loc":{"start":{"line":20,"column":11},"end":{"line":20,"column":62}},"line":20}},"branchMap":{"0":{"loc":{"start":{"line":10,"column":17},"end":{"line":10,"column":25}},"type":"default-arg","locations":[{"start":{"line":10,"column":24},"end":{"line":10,"column":25}}],"line":10}},"s":{"0":1,"1":1,"2":1},"f":{"0":1,"1":1},"b":{"0":[0]},"_coverageSchema":"1a1c01bbd47fc00a2c39e90264f33305004495a9","hash":"fb6170310d1546571ee16047cf606f1ed662da76"}
,"/Users/macbook/Documents/Datadog/infodog/app/component/Pie/styles.js": {"path":"/Users/macbook/Documents/Datadog/infodog/app/component/Pie/styles.js","statementMap":{"0":{"start":{"line":3,"column":22},"end":{"line":13,"column":2}}},"fnMap":{},"branchMap":{},"s":{"0":1},"f":{},"b":{},"_coverageSchema":"1a1c01bbd47fc00a2c39e90264f33305004495a9","hash":"26ce011a7db357654d8deab9cbba0bd53893cb02"}
,"/Users/macbook/Documents/Datadog/infodog/app/constants/Strings.js": {"path":"/Users/macbook/Documents/Datadog/infodog/app/constants/Strings.js","statementMap":{"0":{"start":{"line":2,"column":23},"end":{"line":6,"column":1}}},"fnMap":{},"branchMap":{},"s":{"0":1},"f":{},"b":{},"_coverageSchema":"1a1c01bbd47fc00a2c39e90264f33305004495a9","hash":"d77bd323cc0e6b06f0a67fa12a1b8dd8c84aa7e0"}
,"/Users/macbook/Documents/Datadog/infodog/app/constants/colors.js": {"path":"/Users/macbook/Documents/Datadog/infodog/app/constants/colors.js","statementMap":{"0":{"start":{"line":2,"column":22},"end":{"line":8,"column":1}}},"fnMap":{},"branchMap":{},"s":{"0":3},"f":{},"b":{},"_coverageSchema":"1a1c01bbd47fc00a2c39e90264f33305004495a9","hash":"5cfcbce6956ecf76f083588202bc666a7b511ffe"}
}
